<?xml version="1.0" encoding="UTF-8"?>
<testsuite xmlns:xsi="http://www.w3.org/2001/XMLSchema-instance" xsi:noNamespaceSchemaLocation="https://maven.apache.org/surefire/maven-surefire-plugin/xsd/surefire-test-report.xsd" name="com.yeah.ConfigServerApplicationTest" time="0.015" tests="1" errors="0" skipped="0" failures="0">
  <properties>
    <property name="gopherProxySet" value="false"/>
    <property name="awt.toolkit" value="sun.lwawt.macosx.LWCToolkit"/>
    <property name="file.encoding.pkg" value="sun.io"/>
    <property name="java.specification.version" value="1.8"/>
    <property name="sun.cpu.isalist" value=""/>
    <property name="sun.jnu.encoding" value="UTF-8"/>
    <property name="java.class.path" value="/Users/yangheng/Documents/workspace-sts-3.9.2.RELEASE/firstproject/spring-cloud/spring-config-server/target/test-classes:/Users/yangheng/Documents/workspace-sts-3.9.2.RELEASE/firstproject/spring-cloud/spring-config-server/target/classes:/Users/yangheng/maven/repository/org/springframework/cloud/spring-cloud-config-server/2.0.0.M6/spring-cloud-config-server-2.0.0.M6.jar:/Users/yangheng/maven/repository/org/springframework/cloud/spring-cloud-config-client/2.0.0.M6/spring-cloud-config-client-2.0.0.M6.jar:/Users/yangheng/maven/repository/org/springframework/boot/spring-boot-autoconfigure/2.0.0.RC1/spring-boot-autoconfigure-2.0.0.RC1.jar:/Users/yangheng/maven/repository/org/springframework/cloud/spring-cloud-commons/2.0.0.M6/spring-cloud-commons-2.0.0.M6.jar:/Users/yangheng/maven/repository/org/springframework/cloud/spring-cloud-context/2.0.0.M6/spring-cloud-context-2.0.0.M6.jar:/Users/yangheng/maven/repository/org/springframework/spring-web/5.0.3.RELEASE/spring-web-5.0.3.RELEASE.jar:/Users/yangheng/maven/repository/org/springframework/spring-beans/5.0.3.RELEASE/spring-beans-5.0.3.RELEASE.jar:/Users/yangheng/maven/repository/com/fasterxml/jackson/core/jackson-annotations/2.9.0/jackson-annotations-2.9.0.jar:/Users/yangheng/maven/repository/com/fasterxml/jackson/core/jackson-databind/2.9.3/jackson-databind-2.9.3.jar:/Users/yangheng/maven/repository/org/springframework/boot/spring-boot-starter-actuator/2.0.0.RC1/spring-boot-starter-actuator-2.0.0.RC1.jar:/Users/yangheng/maven/repository/org/springframework/boot/spring-boot-actuator-autoconfigure/2.0.0.RC1/spring-boot-actuator-autoconfigure-2.0.0.RC1.jar:/Users/yangheng/maven/repository/org/springframework/boot/spring-boot-actuator/2.0.0.RC1/spring-boot-actuator-2.0.0.RC1.jar:/Users/yangheng/maven/repository/org/springframework/spring-context/5.0.3.RELEASE/spring-context-5.0.3.RELEASE.jar:/Users/yangheng/maven/repository/com/fasterxml/jackson/datatype/jackson-datatype-jsr310/2.9.3/jackson-datatype-jsr310-2.9.3.jar:/Users/yangheng/maven/repository/io/micrometer/micrometer-core/1.0.0-rc.8/micrometer-core-1.0.0-rc.8.jar:/Users/yangheng/maven/repository/org/hdrhistogram/HdrHistogram/2.1.10/HdrHistogram-2.1.10.jar:/Users/yangheng/maven/repository/org/latencyutils/LatencyUtils/2.0.3/LatencyUtils-2.0.3.jar:/Users/yangheng/maven/repository/org/springframework/boot/spring-boot-starter-web/2.0.0.RC1/spring-boot-starter-web-2.0.0.RC1.jar:/Users/yangheng/maven/repository/org/springframework/boot/spring-boot-starter-json/2.0.0.RC1/spring-boot-starter-json-2.0.0.RC1.jar:/Users/yangheng/maven/repository/com/fasterxml/jackson/datatype/jackson-datatype-jdk8/2.9.3/jackson-datatype-jdk8-2.9.3.jar:/Users/yangheng/maven/repository/com/fasterxml/jackson/module/jackson-module-parameter-names/2.9.3/jackson-module-parameter-names-2.9.3.jar:/Users/yangheng/maven/repository/org/springframework/boot/spring-boot-starter-tomcat/2.0.0.RC1/spring-boot-starter-tomcat-2.0.0.RC1.jar:/Users/yangheng/maven/repository/org/apache/tomcat/embed/tomcat-embed-core/8.5.27/tomcat-embed-core-8.5.27.jar:/Users/yangheng/maven/repository/org/apache/tomcat/embed/tomcat-embed-el/8.5.27/tomcat-embed-el-8.5.27.jar:/Users/yangheng/maven/repository/org/apache/tomcat/embed/tomcat-embed-websocket/8.5.27/tomcat-embed-websocket-8.5.27.jar:/Users/yangheng/maven/repository/org/hibernate/validator/hibernate-validator/6.0.7.Final/hibernate-validator-6.0.7.Final.jar:/Users/yangheng/maven/repository/javax/validation/validation-api/2.0.1.Final/validation-api-2.0.1.Final.jar:/Users/yangheng/maven/repository/org/jboss/logging/jboss-logging/3.3.1.Final/jboss-logging-3.3.1.Final.jar:/Users/yangheng/maven/repository/com/fasterxml/classmate/1.3.4/classmate-1.3.4.jar:/Users/yangheng/maven/repository/org/springframework/spring-webmvc/5.0.3.RELEASE/spring-webmvc-5.0.3.RELEASE.jar:/Users/yangheng/maven/repository/org/springframework/spring-aop/5.0.3.RELEASE/spring-aop-5.0.3.RELEASE.jar:/Users/yangheng/maven/repository/org/springframework/spring-expression/5.0.3.RELEASE/spring-expression-5.0.3.RELEASE.jar:/Users/yangheng/maven/repository/org/springframework/security/spring-security-crypto/5.0.1.RELEASE/spring-security-crypto-5.0.1.RELEASE.jar:/Users/yangheng/maven/repository/org/springframework/security/spring-security-rsa/1.0.5.RELEASE/spring-security-rsa-1.0.5.RELEASE.jar:/Users/yangheng/maven/repository/org/bouncycastle/bcpkix-jdk15on/1.56/bcpkix-jdk15on-1.56.jar:/Users/yangheng/maven/repository/org/bouncycastle/bcprov-jdk15on/1.56/bcprov-jdk15on-1.56.jar:/Users/yangheng/maven/repository/org/yaml/snakeyaml/1.19/snakeyaml-1.19.jar:/Users/yangheng/maven/repository/org/eclipse/jgit/org.eclipse.jgit/4.8.0.201706111038-r/org.eclipse.jgit-4.8.0.201706111038-r.jar:/Users/yangheng/maven/repository/com/jcraft/jsch/0.1.54/jsch-0.1.54.jar:/Users/yangheng/maven/repository/com/googlecode/javaewah/JavaEWAH/1.1.6/JavaEWAH-1.1.6.jar:/Users/yangheng/maven/repository/org/apache/httpcomponents/httpclient/4.5.5/httpclient-4.5.5.jar:/Users/yangheng/maven/repository/org/apache/httpcomponents/httpcore/4.4.9/httpcore-4.4.9.jar:/Users/yangheng/maven/repository/commons-codec/commons-codec/1.11/commons-codec-1.11.jar:/Users/yangheng/maven/repository/org/slf4j/slf4j-api/1.7.25/slf4j-api-1.7.25.jar:/Users/yangheng/maven/repository/junit/junit/4.12/junit-4.12.jar:/Users/yangheng/maven/repository/org/hamcrest/hamcrest-core/1.3/hamcrest-core-1.3.jar:/Users/yangheng/maven/repository/org/springframework/boot/spring-boot-starter-test/2.0.0.RC1/spring-boot-starter-test-2.0.0.RC1.jar:/Users/yangheng/maven/repository/org/springframework/boot/spring-boot-starter/2.0.0.RC1/spring-boot-starter-2.0.0.RC1.jar:/Users/yangheng/maven/repository/org/springframework/boot/spring-boot/2.0.0.RC1/spring-boot-2.0.0.RC1.jar:/Users/yangheng/maven/repository/org/springframework/boot/spring-boot-starter-logging/2.0.0.RC1/spring-boot-starter-logging-2.0.0.RC1.jar:/Users/yangheng/maven/repository/ch/qos/logback/logback-classic/1.2.3/logback-classic-1.2.3.jar:/Users/yangheng/maven/repository/ch/qos/logback/logback-core/1.2.3/logback-core-1.2.3.jar:/Users/yangheng/maven/repository/org/apache/logging/log4j/log4j-to-slf4j/2.10.0/log4j-to-slf4j-2.10.0.jar:/Users/yangheng/maven/repository/org/apache/logging/log4j/log4j-api/2.10.0/log4j-api-2.10.0.jar:/Users/yangheng/maven/repository/org/slf4j/jul-to-slf4j/1.7.25/jul-to-slf4j-1.7.25.jar:/Users/yangheng/maven/repository/javax/annotation/javax.annotation-api/1.3.1/javax.annotation-api-1.3.1.jar:/Users/yangheng/maven/repository/org/springframework/boot/spring-boot-test/2.0.0.RC1/spring-boot-test-2.0.0.RC1.jar:/Users/yangheng/maven/repository/org/springframework/boot/spring-boot-test-autoconfigure/2.0.0.RC1/spring-boot-test-autoconfigure-2.0.0.RC1.jar:/Users/yangheng/maven/repository/com/jayway/jsonpath/json-path/2.4.0/json-path-2.4.0.jar:/Users/yangheng/maven/repository/net/minidev/json-smart/2.3/json-smart-2.3.jar:/Users/yangheng/maven/repository/net/minidev/accessors-smart/1.2/accessors-smart-1.2.jar:/Users/yangheng/maven/repository/org/ow2/asm/asm/5.0.4/asm-5.0.4.jar:/Users/yangheng/maven/repository/org/assertj/assertj-core/3.9.0/assertj-core-3.9.0.jar:/Users/yangheng/maven/repository/org/mockito/mockito-core/2.13.0/mockito-core-2.13.0.jar:/Users/yangheng/maven/repository/net/bytebuddy/byte-buddy/1.7.9/byte-buddy-1.7.9.jar:/Users/yangheng/maven/repository/net/bytebuddy/byte-buddy-agent/1.7.9/byte-buddy-agent-1.7.9.jar:/Users/yangheng/maven/repository/org/objenesis/objenesis/2.6/objenesis-2.6.jar:/Users/yangheng/maven/repository/org/hamcrest/hamcrest-library/1.3/hamcrest-library-1.3.jar:/Users/yangheng/maven/repository/org/skyscreamer/jsonassert/1.5.0/jsonassert-1.5.0.jar:/Users/yangheng/maven/repository/com/vaadin/external/google/android-json/0.0.20131108.vaadin1/android-json-0.0.20131108.vaadin1.jar:/Users/yangheng/maven/repository/org/springframework/spring-core/5.0.3.RELEASE/spring-core-5.0.3.RELEASE.jar:/Users/yangheng/maven/repository/org/springframework/spring-jcl/5.0.3.RELEASE/spring-jcl-5.0.3.RELEASE.jar:/Users/yangheng/maven/repository/org/springframework/spring-test/5.0.3.RELEASE/spring-test-5.0.3.RELEASE.jar:/Users/yangheng/maven/repository/org/xmlunit/xmlunit-core/2.5.1/xmlunit-core-2.5.1.jar:/Users/yangheng/maven/repository/org/springframework/cloud/spring-cloud-starter-netflix-eureka-client/2.0.0.M6/spring-cloud-starter-netflix-eureka-client-2.0.0.M6.jar:/Users/yangheng/maven/repository/org/springframework/cloud/spring-cloud-starter/2.0.0.M6/spring-cloud-starter-2.0.0.M6.jar:/Users/yangheng/maven/repository/org/springframework/cloud/spring-cloud-netflix-core/2.0.0.M6/spring-cloud-netflix-core-2.0.0.M6.jar:/Users/yangheng/maven/repository/org/springframework/cloud/spring-cloud-netflix-ribbon/2.0.0.M6/spring-cloud-netflix-ribbon-2.0.0.M6.jar:/Users/yangheng/maven/repository/org/springframework/boot/spring-boot-starter-aop/2.0.0.RC1/spring-boot-starter-aop-2.0.0.RC1.jar:/Users/yangheng/maven/repository/org/aspectj/aspectjweaver/1.8.13/aspectjweaver-1.8.13.jar:/Users/yangheng/maven/repository/org/springframework/cloud/spring-cloud-netflix-eureka-client/2.0.0.M6/spring-cloud-netflix-eureka-client-2.0.0.M6.jar:/Users/yangheng/maven/repository/com/netflix/eureka/eureka-client/1.8.6/eureka-client-1.8.6.jar:/Users/yangheng/maven/repository/org/codehaus/jettison/jettison/1.3.7/jettison-1.3.7.jar:/Users/yangheng/maven/repository/stax/stax-api/1.0.1/stax-api-1.0.1.jar:/Users/yangheng/maven/repository/com/netflix/netflix-commons/netflix-eventbus/0.3.0/netflix-eventbus-0.3.0.jar:/Users/yangheng/maven/repository/com/netflix/netflix-commons/netflix-infix/0.3.0/netflix-infix-0.3.0.jar:/Users/yangheng/maven/repository/commons-jxpath/commons-jxpath/1.3/commons-jxpath-1.3.jar:/Users/yangheng/maven/repository/joda-time/joda-time/2.9.9/joda-time-2.9.9.jar:/Users/yangheng/maven/repository/org/antlr/antlr-runtime/3.4/antlr-runtime-3.4.jar:/Users/yangheng/maven/repository/org/antlr/stringtemplate/3.2.1/stringtemplate-3.2.1.jar:/Users/yangheng/maven/repository/antlr/antlr/2.7.7/antlr-2.7.7.jar:/Users/yangheng/maven/repository/com/google/code/gson/gson/2.8.2/gson-2.8.2.jar:/Users/yangheng/maven/repository/org/apache/commons/commons-math/2.2/commons-math-2.2.jar:/Users/yangheng/maven/repository/com/netflix/archaius/archaius-core/0.7.5/archaius-core-0.7.5.jar:/Users/yangheng/maven/repository/javax/ws/rs/jsr311-api/1.1.1/jsr311-api-1.1.1.jar:/Users/yangheng/maven/repository/com/netflix/servo/servo-core/0.10.1/servo-core-0.10.1.jar:/Users/yangheng/maven/repository/com/netflix/servo/servo-internal/0.10.1/servo-internal-0.10.1.jar:/Users/yangheng/maven/repository/com/sun/jersey/jersey-core/1.19.1/jersey-core-1.19.1.jar:/Users/yangheng/maven/repository/com/sun/jersey/jersey-client/1.19.1/jersey-client-1.19.1.jar:/Users/yangheng/maven/repository/com/sun/jersey/contribs/jersey-apache-client4/1.19.1/jersey-apache-client4-1.19.1.jar:/Users/yangheng/maven/repository/com/google/inject/guice/4.1.0/guice-4.1.0.jar:/Users/yangheng/maven/repository/javax/inject/javax.inject/1/javax.inject-1.jar:/Users/yangheng/maven/repository/aopalliance/aopalliance/1.0/aopalliance-1.0.jar:/Users/yangheng/maven/repository/com/github/vlsi/compactmap/compactmap/1.2.1/compactmap-1.2.1.jar:/Users/yangheng/maven/repository/com/github/andrewoma/dexx/dexx-collections/0.2/dexx-collections-0.2.jar:/Users/yangheng/maven/repository/com/fasterxml/jackson/core/jackson-core/2.9.3/jackson-core-2.9.3.jar:/Users/yangheng/maven/repository/com/netflix/eureka/eureka-core/1.8.6/eureka-core-1.8.6.jar:/Users/yangheng/maven/repository/org/codehaus/woodstox/woodstox-core-asl/4.4.1/woodstox-core-asl-4.4.1.jar:/Users/yangheng/maven/repository/javax/xml/stream/stax-api/1.0-2/stax-api-1.0-2.jar:/Users/yangheng/maven/repository/org/codehaus/woodstox/stax2-api/3.1.4/stax2-api-3.1.4.jar:/Users/yangheng/maven/repository/org/springframework/cloud/spring-cloud-starter-netflix-archaius/2.0.0.M6/spring-cloud-starter-netflix-archaius-2.0.0.M6.jar:/Users/yangheng/maven/repository/org/springframework/cloud/spring-cloud-netflix-archaius/2.0.0.M6/spring-cloud-netflix-archaius-2.0.0.M6.jar:/Users/yangheng/maven/repository/commons-configuration/commons-configuration/1.8/commons-configuration-1.8.jar:/Users/yangheng/maven/repository/commons-lang/commons-lang/2.6/commons-lang-2.6.jar:/Users/yangheng/maven/repository/com/google/guava/guava/18.0/guava-18.0.jar:/Users/yangheng/maven/repository/org/springframework/cloud/spring-cloud-starter-netflix-ribbon/2.0.0.M6/spring-cloud-starter-netflix-ribbon-2.0.0.M6.jar:/Users/yangheng/maven/repository/com/netflix/ribbon/ribbon/2.2.4/ribbon-2.2.4.jar:/Users/yangheng/maven/repository/com/netflix/ribbon/ribbon-transport/2.2.4/ribbon-transport-2.2.4.jar:/Users/yangheng/maven/repository/io/reactivex/rxnetty-contexts/0.4.9/rxnetty-contexts-0.4.9.jar:/Users/yangheng/maven/repository/io/reactivex/rxnetty-servo/0.4.9/rxnetty-servo-0.4.9.jar:/Users/yangheng/maven/repository/com/netflix/hystrix/hystrix-core/1.5.12/hystrix-core-1.5.12.jar:/Users/yangheng/maven/repository/io/reactivex/rxnetty/0.4.9/rxnetty-0.4.9.jar:/Users/yangheng/maven/repository/io/netty/netty-codec-http/4.1.20.Final/netty-codec-http-4.1.20.Final.jar:/Users/yangheng/maven/repository/io/netty/netty-codec/4.1.20.Final/netty-codec-4.1.20.Final.jar:/Users/yangheng/maven/repository/io/netty/netty-transport-native-epoll/4.1.20.Final/netty-transport-native-epoll-4.1.20.Final.jar:/Users/yangheng/maven/repository/io/netty/netty-common/4.1.20.Final/netty-common-4.1.20.Final.jar:/Users/yangheng/maven/repository/io/netty/netty-buffer/4.1.20.Final/netty-buffer-4.1.20.Final.jar:/Users/yangheng/maven/repository/io/netty/netty-transport-native-unix-common/4.1.20.Final/netty-transport-native-unix-common-4.1.20.Final.jar:/Users/yangheng/maven/repository/io/netty/netty-transport/4.1.20.Final/netty-transport-4.1.20.Final.jar:/Users/yangheng/maven/repository/io/netty/netty-resolver/4.1.20.Final/netty-resolver-4.1.20.Final.jar:/Users/yangheng/maven/repository/com/netflix/ribbon/ribbon-core/2.2.4/ribbon-core-2.2.4.jar:/Users/yangheng/maven/repository/com/netflix/ribbon/ribbon-httpclient/2.2.4/ribbon-httpclient-2.2.4.jar:/Users/yangheng/maven/repository/commons-collections/commons-collections/3.2.2/commons-collections-3.2.2.jar:/Users/yangheng/maven/repository/com/netflix/netflix-commons/netflix-commons-util/0.1.1/netflix-commons-util-0.1.1.jar:/Users/yangheng/maven/repository/com/netflix/ribbon/ribbon-loadbalancer/2.2.4/ribbon-loadbalancer-2.2.4.jar:/Users/yangheng/maven/repository/com/netflix/netflix-commons/netflix-statistics/0.1.1/netflix-statistics-0.1.1.jar:/Users/yangheng/maven/repository/io/reactivex/rxjava/1.3.4/rxjava-1.3.4.jar:/Users/yangheng/maven/repository/com/netflix/ribbon/ribbon-eureka/2.2.4/ribbon-eureka-2.2.4.jar:/Users/yangheng/maven/repository/com/thoughtworks/xstream/xstream/1.4.9/xstream-1.4.9.jar:/Users/yangheng/maven/repository/xmlpull/xmlpull/1.1.3.1/xmlpull-1.1.3.1.jar:/Users/yangheng/maven/repository/xpp3/xpp3_min/1.1.4c/xpp3_min-1.1.4c.jar:"/>
    <property name="java.vm.vendor" value="Oracle Corporation"/>
    <property name="sun.arch.data.model" value="64"/>
    <property name="java.vendor.url" value="http://java.oracle.com/"/>
    <property name="user.timezone" value=""/>
    <property name="java.vm.specification.version" value="1.8"/>
    <property name="os.name" value="Mac OS X"/>
    <property name="user.country" value="CN"/>
    <property name="sun.java.launcher" value="SUN_STANDARD"/>
    <property name="sun.boot.library.path" value="/Library/Java/JavaVirtualMachines/jdk1.8.0_144.jdk/Contents/Home/jre/lib"/>
    <property name="sun.java.command" value="/Users/yangheng/Documents/workspace-sts-3.9.2.RELEASE/firstproject/spring-cloud/spring-config-server/target/surefire/surefirebooter6259301279164215624.jar /Users/yangheng/Documents/workspace-sts-3.9.2.RELEASE/firstproject/spring-cloud/spring-config-server/target/surefire 2018-02-21T19-45-22_357-jvmRun1 surefire2875133161481625116tmp surefire_05847886038709782881tmp"/>
    <property name="http.nonProxyHosts" value="local|*.local|169.254/16|*.169.254/16"/>
    <property name="surefire.test.class.path" value="/Users/yangheng/Documents/workspace-sts-3.9.2.RELEASE/firstproject/spring-cloud/spring-config-server/target/test-classes:/Users/yangheng/Documents/workspace-sts-3.9.2.RELEASE/firstproject/spring-cloud/spring-config-server/target/classes:/Users/yangheng/maven/repository/org/springframework/cloud/spring-cloud-config-server/2.0.0.M6/spring-cloud-config-server-2.0.0.M6.jar:/Users/yangheng/maven/repository/org/springframework/cloud/spring-cloud-config-client/2.0.0.M6/spring-cloud-config-client-2.0.0.M6.jar:/Users/yangheng/maven/repository/org/springframework/boot/spring-boot-autoconfigure/2.0.0.RC1/spring-boot-autoconfigure-2.0.0.RC1.jar:/Users/yangheng/maven/repository/org/springframework/cloud/spring-cloud-commons/2.0.0.M6/spring-cloud-commons-2.0.0.M6.jar:/Users/yangheng/maven/repository/org/springframework/cloud/spring-cloud-context/2.0.0.M6/spring-cloud-context-2.0.0.M6.jar:/Users/yangheng/maven/repository/org/springframework/spring-web/5.0.3.RELEASE/spring-web-5.0.3.RELEASE.jar:/Users/yangheng/maven/repository/org/springframework/spring-beans/5.0.3.RELEASE/spring-beans-5.0.3.RELEASE.jar:/Users/yangheng/maven/repository/com/fasterxml/jackson/core/jackson-annotations/2.9.0/jackson-annotations-2.9.0.jar:/Users/yangheng/maven/repository/com/fasterxml/jackson/core/jackson-databind/2.9.3/jackson-databind-2.9.3.jar:/Users/yangheng/maven/repository/org/springframework/boot/spring-boot-starter-actuator/2.0.0.RC1/spring-boot-starter-actuator-2.0.0.RC1.jar:/Users/yangheng/maven/repository/org/springframework/boot/spring-boot-actuator-autoconfigure/2.0.0.RC1/spring-boot-actuator-autoconfigure-2.0.0.RC1.jar:/Users/yangheng/maven/repository/org/springframework/boot/spring-boot-actuator/2.0.0.RC1/spring-boot-actuator-2.0.0.RC1.jar:/Users/yangheng/maven/repository/org/springframework/spring-context/5.0.3.RELEASE/spring-context-5.0.3.RELEASE.jar:/Users/yangheng/maven/repository/com/fasterxml/jackson/datatype/jackson-datatype-jsr310/2.9.3/jackson-datatype-jsr310-2.9.3.jar:/Users/yangheng/maven/repository/io/micrometer/micrometer-core/1.0.0-rc.8/micrometer-core-1.0.0-rc.8.jar:/Users/yangheng/maven/repository/org/hdrhistogram/HdrHistogram/2.1.10/HdrHistogram-2.1.10.jar:/Users/yangheng/maven/repository/org/latencyutils/LatencyUtils/2.0.3/LatencyUtils-2.0.3.jar:/Users/yangheng/maven/repository/org/springframework/boot/spring-boot-starter-web/2.0.0.RC1/spring-boot-starter-web-2.0.0.RC1.jar:/Users/yangheng/maven/repository/org/springframework/boot/spring-boot-starter-json/2.0.0.RC1/spring-boot-starter-json-2.0.0.RC1.jar:/Users/yangheng/maven/repository/com/fasterxml/jackson/datatype/jackson-datatype-jdk8/2.9.3/jackson-datatype-jdk8-2.9.3.jar:/Users/yangheng/maven/repository/com/fasterxml/jackson/module/jackson-module-parameter-names/2.9.3/jackson-module-parameter-names-2.9.3.jar:/Users/yangheng/maven/repository/org/springframework/boot/spring-boot-starter-tomcat/2.0.0.RC1/spring-boot-starter-tomcat-2.0.0.RC1.jar:/Users/yangheng/maven/repository/org/apache/tomcat/embed/tomcat-embed-core/8.5.27/tomcat-embed-core-8.5.27.jar:/Users/yangheng/maven/repository/org/apache/tomcat/embed/tomcat-embed-el/8.5.27/tomcat-embed-el-8.5.27.jar:/Users/yangheng/maven/repository/org/apache/tomcat/embed/tomcat-embed-websocket/8.5.27/tomcat-embed-websocket-8.5.27.jar:/Users/yangheng/maven/repository/org/hibernate/validator/hibernate-validator/6.0.7.Final/hibernate-validator-6.0.7.Final.jar:/Users/yangheng/maven/repository/javax/validation/validation-api/2.0.1.Final/validation-api-2.0.1.Final.jar:/Users/yangheng/maven/repository/org/jboss/logging/jboss-logging/3.3.1.Final/jboss-logging-3.3.1.Final.jar:/Users/yangheng/maven/repository/com/fasterxml/classmate/1.3.4/classmate-1.3.4.jar:/Users/yangheng/maven/repository/org/springframework/spring-webmvc/5.0.3.RELEASE/spring-webmvc-5.0.3.RELEASE.jar:/Users/yangheng/maven/repository/org/springframework/spring-aop/5.0.3.RELEASE/spring-aop-5.0.3.RELEASE.jar:/Users/yangheng/maven/repository/org/springframework/spring-expression/5.0.3.RELEASE/spring-expression-5.0.3.RELEASE.jar:/Users/yangheng/maven/repository/org/springframework/security/spring-security-crypto/5.0.1.RELEASE/spring-security-crypto-5.0.1.RELEASE.jar:/Users/yangheng/maven/repository/org/springframework/security/spring-security-rsa/1.0.5.RELEASE/spring-security-rsa-1.0.5.RELEASE.jar:/Users/yangheng/maven/repository/org/bouncycastle/bcpkix-jdk15on/1.56/bcpkix-jdk15on-1.56.jar:/Users/yangheng/maven/repository/org/bouncycastle/bcprov-jdk15on/1.56/bcprov-jdk15on-1.56.jar:/Users/yangheng/maven/repository/org/yaml/snakeyaml/1.19/snakeyaml-1.19.jar:/Users/yangheng/maven/repository/org/eclipse/jgit/org.eclipse.jgit/4.8.0.201706111038-r/org.eclipse.jgit-4.8.0.201706111038-r.jar:/Users/yangheng/maven/repository/com/jcraft/jsch/0.1.54/jsch-0.1.54.jar:/Users/yangheng/maven/repository/com/googlecode/javaewah/JavaEWAH/1.1.6/JavaEWAH-1.1.6.jar:/Users/yangheng/maven/repository/org/apache/httpcomponents/httpclient/4.5.5/httpclient-4.5.5.jar:/Users/yangheng/maven/repository/org/apache/httpcomponents/httpcore/4.4.9/httpcore-4.4.9.jar:/Users/yangheng/maven/repository/commons-codec/commons-codec/1.11/commons-codec-1.11.jar:/Users/yangheng/maven/repository/org/slf4j/slf4j-api/1.7.25/slf4j-api-1.7.25.jar:/Users/yangheng/maven/repository/junit/junit/4.12/junit-4.12.jar:/Users/yangheng/maven/repository/org/hamcrest/hamcrest-core/1.3/hamcrest-core-1.3.jar:/Users/yangheng/maven/repository/org/springframework/boot/spring-boot-starter-test/2.0.0.RC1/spring-boot-starter-test-2.0.0.RC1.jar:/Users/yangheng/maven/repository/org/springframework/boot/spring-boot-starter/2.0.0.RC1/spring-boot-starter-2.0.0.RC1.jar:/Users/yangheng/maven/repository/org/springframework/boot/spring-boot/2.0.0.RC1/spring-boot-2.0.0.RC1.jar:/Users/yangheng/maven/repository/org/springframework/boot/spring-boot-starter-logging/2.0.0.RC1/spring-boot-starter-logging-2.0.0.RC1.jar:/Users/yangheng/maven/repository/ch/qos/logback/logback-classic/1.2.3/logback-classic-1.2.3.jar:/Users/yangheng/maven/repository/ch/qos/logback/logback-core/1.2.3/logback-core-1.2.3.jar:/Users/yangheng/maven/repository/org/apache/logging/log4j/log4j-to-slf4j/2.10.0/log4j-to-slf4j-2.10.0.jar:/Users/yangheng/maven/repository/org/apache/logging/log4j/log4j-api/2.10.0/log4j-api-2.10.0.jar:/Users/yangheng/maven/repository/org/slf4j/jul-to-slf4j/1.7.25/jul-to-slf4j-1.7.25.jar:/Users/yangheng/maven/repository/javax/annotation/javax.annotation-api/1.3.1/javax.annotation-api-1.3.1.jar:/Users/yangheng/maven/repository/org/springframework/boot/spring-boot-test/2.0.0.RC1/spring-boot-test-2.0.0.RC1.jar:/Users/yangheng/maven/repository/org/springframework/boot/spring-boot-test-autoconfigure/2.0.0.RC1/spring-boot-test-autoconfigure-2.0.0.RC1.jar:/Users/yangheng/maven/repository/com/jayway/jsonpath/json-path/2.4.0/json-path-2.4.0.jar:/Users/yangheng/maven/repository/net/minidev/json-smart/2.3/json-smart-2.3.jar:/Users/yangheng/maven/repository/net/minidev/accessors-smart/1.2/accessors-smart-1.2.jar:/Users/yangheng/maven/repository/org/ow2/asm/asm/5.0.4/asm-5.0.4.jar:/Users/yangheng/maven/repository/org/assertj/assertj-core/3.9.0/assertj-core-3.9.0.jar:/Users/yangheng/maven/repository/org/mockito/mockito-core/2.13.0/mockito-core-2.13.0.jar:/Users/yangheng/maven/repository/net/bytebuddy/byte-buddy/1.7.9/byte-buddy-1.7.9.jar:/Users/yangheng/maven/repository/net/bytebuddy/byte-buddy-agent/1.7.9/byte-buddy-agent-1.7.9.jar:/Users/yangheng/maven/repository/org/objenesis/objenesis/2.6/objenesis-2.6.jar:/Users/yangheng/maven/repository/org/hamcrest/hamcrest-library/1.3/hamcrest-library-1.3.jar:/Users/yangheng/maven/repository/org/skyscreamer/jsonassert/1.5.0/jsonassert-1.5.0.jar:/Users/yangheng/maven/repository/com/vaadin/external/google/android-json/0.0.20131108.vaadin1/android-json-0.0.20131108.vaadin1.jar:/Users/yangheng/maven/repository/org/springframework/spring-core/5.0.3.RELEASE/spring-core-5.0.3.RELEASE.jar:/Users/yangheng/maven/repository/org/springframework/spring-jcl/5.0.3.RELEASE/spring-jcl-5.0.3.RELEASE.jar:/Users/yangheng/maven/repository/org/springframework/spring-test/5.0.3.RELEASE/spring-test-5.0.3.RELEASE.jar:/Users/yangheng/maven/repository/org/xmlunit/xmlunit-core/2.5.1/xmlunit-core-2.5.1.jar:/Users/yangheng/maven/repository/org/springframework/cloud/spring-cloud-starter-netflix-eureka-client/2.0.0.M6/spring-cloud-starter-netflix-eureka-client-2.0.0.M6.jar:/Users/yangheng/maven/repository/org/springframework/cloud/spring-cloud-starter/2.0.0.M6/spring-cloud-starter-2.0.0.M6.jar:/Users/yangheng/maven/repository/org/springframework/cloud/spring-cloud-netflix-core/2.0.0.M6/spring-cloud-netflix-core-2.0.0.M6.jar:/Users/yangheng/maven/repository/org/springframework/cloud/spring-cloud-netflix-ribbon/2.0.0.M6/spring-cloud-netflix-ribbon-2.0.0.M6.jar:/Users/yangheng/maven/repository/org/springframework/boot/spring-boot-starter-aop/2.0.0.RC1/spring-boot-starter-aop-2.0.0.RC1.jar:/Users/yangheng/maven/repository/org/aspectj/aspectjweaver/1.8.13/aspectjweaver-1.8.13.jar:/Users/yangheng/maven/repository/org/springframework/cloud/spring-cloud-netflix-eureka-client/2.0.0.M6/spring-cloud-netflix-eureka-client-2.0.0.M6.jar:/Users/yangheng/maven/repository/com/netflix/eureka/eureka-client/1.8.6/eureka-client-1.8.6.jar:/Users/yangheng/maven/repository/org/codehaus/jettison/jettison/1.3.7/jettison-1.3.7.jar:/Users/yangheng/maven/repository/stax/stax-api/1.0.1/stax-api-1.0.1.jar:/Users/yangheng/maven/repository/com/netflix/netflix-commons/netflix-eventbus/0.3.0/netflix-eventbus-0.3.0.jar:/Users/yangheng/maven/repository/com/netflix/netflix-commons/netflix-infix/0.3.0/netflix-infix-0.3.0.jar:/Users/yangheng/maven/repository/commons-jxpath/commons-jxpath/1.3/commons-jxpath-1.3.jar:/Users/yangheng/maven/repository/joda-time/joda-time/2.9.9/joda-time-2.9.9.jar:/Users/yangheng/maven/repository/org/antlr/antlr-runtime/3.4/antlr-runtime-3.4.jar:/Users/yangheng/maven/repository/org/antlr/stringtemplate/3.2.1/stringtemplate-3.2.1.jar:/Users/yangheng/maven/repository/antlr/antlr/2.7.7/antlr-2.7.7.jar:/Users/yangheng/maven/repository/com/google/code/gson/gson/2.8.2/gson-2.8.2.jar:/Users/yangheng/maven/repository/org/apache/commons/commons-math/2.2/commons-math-2.2.jar:/Users/yangheng/maven/repository/com/netflix/archaius/archaius-core/0.7.5/archaius-core-0.7.5.jar:/Users/yangheng/maven/repository/javax/ws/rs/jsr311-api/1.1.1/jsr311-api-1.1.1.jar:/Users/yangheng/maven/repository/com/netflix/servo/servo-core/0.10.1/servo-core-0.10.1.jar:/Users/yangheng/maven/repository/com/netflix/servo/servo-internal/0.10.1/servo-internal-0.10.1.jar:/Users/yangheng/maven/repository/com/sun/jersey/jersey-core/1.19.1/jersey-core-1.19.1.jar:/Users/yangheng/maven/repository/com/sun/jersey/jersey-client/1.19.1/jersey-client-1.19.1.jar:/Users/yangheng/maven/repository/com/sun/jersey/contribs/jersey-apache-client4/1.19.1/jersey-apache-client4-1.19.1.jar:/Users/yangheng/maven/repository/com/google/inject/guice/4.1.0/guice-4.1.0.jar:/Users/yangheng/maven/repository/javax/inject/javax.inject/1/javax.inject-1.jar:/Users/yangheng/maven/repository/aopalliance/aopalliance/1.0/aopalliance-1.0.jar:/Users/yangheng/maven/repository/com/github/vlsi/compactmap/compactmap/1.2.1/compactmap-1.2.1.jar:/Users/yangheng/maven/repository/com/github/andrewoma/dexx/dexx-collections/0.2/dexx-collections-0.2.jar:/Users/yangheng/maven/repository/com/fasterxml/jackson/core/jackson-core/2.9.3/jackson-core-2.9.3.jar:/Users/yangheng/maven/repository/com/netflix/eureka/eureka-core/1.8.6/eureka-core-1.8.6.jar:/Users/yangheng/maven/repository/org/codehaus/woodstox/woodstox-core-asl/4.4.1/woodstox-core-asl-4.4.1.jar:/Users/yangheng/maven/repository/javax/xml/stream/stax-api/1.0-2/stax-api-1.0-2.jar:/Users/yangheng/maven/repository/org/codehaus/woodstox/stax2-api/3.1.4/stax2-api-3.1.4.jar:/Users/yangheng/maven/repository/org/springframework/cloud/spring-cloud-starter-netflix-archaius/2.0.0.M6/spring-cloud-starter-netflix-archaius-2.0.0.M6.jar:/Users/yangheng/maven/repository/org/springframework/cloud/spring-cloud-netflix-archaius/2.0.0.M6/spring-cloud-netflix-archaius-2.0.0.M6.jar:/Users/yangheng/maven/repository/commons-configuration/commons-configuration/1.8/commons-configuration-1.8.jar:/Users/yangheng/maven/repository/commons-lang/commons-lang/2.6/commons-lang-2.6.jar:/Users/yangheng/maven/repository/com/google/guava/guava/18.0/guava-18.0.jar:/Users/yangheng/maven/repository/org/springframework/cloud/spring-cloud-starter-netflix-ribbon/2.0.0.M6/spring-cloud-starter-netflix-ribbon-2.0.0.M6.jar:/Users/yangheng/maven/repository/com/netflix/ribbon/ribbon/2.2.4/ribbon-2.2.4.jar:/Users/yangheng/maven/repository/com/netflix/ribbon/ribbon-transport/2.2.4/ribbon-transport-2.2.4.jar:/Users/yangheng/maven/repository/io/reactivex/rxnetty-contexts/0.4.9/rxnetty-contexts-0.4.9.jar:/Users/yangheng/maven/repository/io/reactivex/rxnetty-servo/0.4.9/rxnetty-servo-0.4.9.jar:/Users/yangheng/maven/repository/com/netflix/hystrix/hystrix-core/1.5.12/hystrix-core-1.5.12.jar:/Users/yangheng/maven/repository/io/reactivex/rxnetty/0.4.9/rxnetty-0.4.9.jar:/Users/yangheng/maven/repository/io/netty/netty-codec-http/4.1.20.Final/netty-codec-http-4.1.20.Final.jar:/Users/yangheng/maven/repository/io/netty/netty-codec/4.1.20.Final/netty-codec-4.1.20.Final.jar:/Users/yangheng/maven/repository/io/netty/netty-transport-native-epoll/4.1.20.Final/netty-transport-native-epoll-4.1.20.Final.jar:/Users/yangheng/maven/repository/io/netty/netty-common/4.1.20.Final/netty-common-4.1.20.Final.jar:/Users/yangheng/maven/repository/io/netty/netty-buffer/4.1.20.Final/netty-buffer-4.1.20.Final.jar:/Users/yangheng/maven/repository/io/netty/netty-transport-native-unix-common/4.1.20.Final/netty-transport-native-unix-common-4.1.20.Final.jar:/Users/yangheng/maven/repository/io/netty/netty-transport/4.1.20.Final/netty-transport-4.1.20.Final.jar:/Users/yangheng/maven/repository/io/netty/netty-resolver/4.1.20.Final/netty-resolver-4.1.20.Final.jar:/Users/yangheng/maven/repository/com/netflix/ribbon/ribbon-core/2.2.4/ribbon-core-2.2.4.jar:/Users/yangheng/maven/repository/com/netflix/ribbon/ribbon-httpclient/2.2.4/ribbon-httpclient-2.2.4.jar:/Users/yangheng/maven/repository/commons-collections/commons-collections/3.2.2/commons-collections-3.2.2.jar:/Users/yangheng/maven/repository/com/netflix/netflix-commons/netflix-commons-util/0.1.1/netflix-commons-util-0.1.1.jar:/Users/yangheng/maven/repository/com/netflix/ribbon/ribbon-loadbalancer/2.2.4/ribbon-loadbalancer-2.2.4.jar:/Users/yangheng/maven/repository/com/netflix/netflix-commons/netflix-statistics/0.1.1/netflix-statistics-0.1.1.jar:/Users/yangheng/maven/repository/io/reactivex/rxjava/1.3.4/rxjava-1.3.4.jar:/Users/yangheng/maven/repository/com/netflix/ribbon/ribbon-eureka/2.2.4/ribbon-eureka-2.2.4.jar:/Users/yangheng/maven/repository/com/thoughtworks/xstream/xstream/1.4.9/xstream-1.4.9.jar:/Users/yangheng/maven/repository/xmlpull/xmlpull/1.1.3.1/xmlpull-1.1.3.1.jar:/Users/yangheng/maven/repository/xpp3/xpp3_min/1.1.4c/xpp3_min-1.1.4c.jar:"/>
    <property name="sun.cpu.endian" value="little"/>
    <property name="user.home" value="/Users/yangheng"/>
    <property name="user.language" value="zh"/>
    <property name="java.specification.vendor" value="Oracle Corporation"/>
    <property name="java.home" value="/Library/Java/JavaVirtualMachines/jdk1.8.0_144.jdk/Contents/Home/jre"/>
    <property name="basedir" value="/Users/yangheng/Documents/workspace-sts-3.9.2.RELEASE/firstproject/spring-cloud/spring-config-server"/>
    <property name="file.separator" value="/"/>
    <property name="line.separator" value="&#10;"/>
    <property name="java.vm.specification.vendor" value="Oracle Corporation"/>
    <property name="java.specification.name" value="Java Platform API Specification"/>
    <property name="java.awt.graphicsenv" value="sun.awt.CGraphicsEnvironment"/>
    <property name="surefire.real.class.path" value="/Users/yangheng/Documents/workspace-sts-3.9.2.RELEASE/firstproject/spring-cloud/spring-config-server/target/surefire/surefirebooter6259301279164215624.jar"/>
    <property name="sun.boot.class.path" value="/Library/Java/JavaVirtualMachines/jdk1.8.0_144.jdk/Contents/Home/jre/lib/resources.jar:/Library/Java/JavaVirtualMachines/jdk1.8.0_144.jdk/Contents/Home/jre/lib/rt.jar:/Library/Java/JavaVirtualMachines/jdk1.8.0_144.jdk/Contents/Home/jre/lib/sunrsasign.jar:/Library/Java/JavaVirtualMachines/jdk1.8.0_144.jdk/Contents/Home/jre/lib/jsse.jar:/Library/Java/JavaVirtualMachines/jdk1.8.0_144.jdk/Contents/Home/jre/lib/jce.jar:/Library/Java/JavaVirtualMachines/jdk1.8.0_144.jdk/Contents/Home/jre/lib/charsets.jar:/Library/Java/JavaVirtualMachines/jdk1.8.0_144.jdk/Contents/Home/jre/lib/jfr.jar:/Library/Java/JavaVirtualMachines/jdk1.8.0_144.jdk/Contents/Home/jre/classes"/>
    <property name="sun.management.compiler" value="HotSpot 64-Bit Tiered Compilers"/>
    <property name="ftp.nonProxyHosts" value="local|*.local|169.254/16|*.169.254/16"/>
    <property name="java.runtime.version" value="1.8.0_144-b01"/>
    <property name="user.name" value="yangheng"/>
    <property name="path.separator" value=":"/>
    <property name="os.version" value="10.13.3"/>
    <property name="java.endorsed.dirs" value="/Library/Java/JavaVirtualMachines/jdk1.8.0_144.jdk/Contents/Home/jre/lib/endorsed"/>
    <property name="java.runtime.name" value="Java(TM) SE Runtime Environment"/>
    <property name="file.encoding" value="UTF-8"/>
    <property name="java.vm.name" value="Java HotSpot(TM) 64-Bit Server VM"/>
    <property name="localRepository" value="/Users/yangheng/maven/repository"/>
    <property name="java.vendor.url.bug" value="http://bugreport.sun.com/bugreport/"/>
    <property name="java.io.tmpdir" value="/var/folders/mv/__ywcnd14gb1d6n9jsp00qch0000gn/T/"/>
    <property name="java.version" value="1.8.0_144"/>
    <property name="user.dir" value="/Users/yangheng/Documents/workspace-sts-3.9.2.RELEASE/firstproject/spring-cloud/spring-config-server"/>
    <property name="os.arch" value="x86_64"/>
    <property name="java.vm.specification.name" value="Java Virtual Machine Specification"/>
    <property name="java.awt.printerjob" value="sun.lwawt.macosx.CPrinterJob"/>
    <property name="sun.os.patch.level" value="unknown"/>
    <property name="java.library.path" value="/Users/yangheng/Library/Java/Extensions:/Library/Java/Extensions:/Network/Library/Java/Extensions:/System/Library/Java/Extensions:/usr/lib/java:."/>
    <property name="java.vm.info" value="mixed mode"/>
    <property name="java.vendor" value="Oracle Corporation"/>
    <property name="java.vm.version" value="25.144-b01"/>
    <property name="java.ext.dirs" value="/Users/yangheng/Library/Java/Extensions:/Library/Java/JavaVirtualMachines/jdk1.8.0_144.jdk/Contents/Home/jre/lib/ext:/Library/Java/Extensions:/Network/Library/Java/Extensions:/System/Library/Java/Extensions:/usr/lib/java"/>
    <property name="sun.io.unicode.encoding" value="UnicodeBig"/>
    <property name="java.class.version" value="52.0"/>
    <property name="socksNonProxyHosts" value="local|*.local|169.254/16|*.169.254/16"/>
  </properties>
  <testcase name="testApp" classname="com.yeah.ConfigServerApplicationTest" time="0.001"/>
</testsuite>